CRITICAL - 2025-11-14 06:26:09 --> CodeIgniter\View\Exceptions\ViewException: Invalid file: "layout/dokum.php"
[Method: GET, Route: dokumentasi]
in SYSTEMPATH\Exceptions\FrameworkException.php on line 39.
 1 SYSTEMPATH\View\View.php(214): CodeIgniter\Exceptions\FrameworkException::forInvalidFile('layout/dokum.php')
 2 SYSTEMPATH\Common.php(1167): CodeIgniter\View\View->render('layout/dokum', [], true)
 3 APPPATH\Controllers\bansos.php(18): view('layout/dokum')
 4 SYSTEMPATH\CodeIgniter.php(933): App\Controllers\bansos->dokum()
 5 SYSTEMPATH\CodeIgniter.php(507): CodeIgniter\CodeIgniter->runController(Object(App\Controllers\bansos))
 6 SYSTEMPATH\CodeIgniter.php(354): CodeIgniter\CodeIgniter->handleRequest(null, Object(Config\Cache), false)
 7 SYSTEMPATH\Boot.php(363): CodeIgniter\CodeIgniter->run()
 8 SYSTEMPATH\Boot.php(68): CodeIgniter\Boot::runCodeIgniter(Object(CodeIgniter\CodeIgniter))
 9 FCPATH\index.php(59): CodeIgniter\Boot::bootWeb(Object(Config\Paths))
10 SYSTEMPATH\rewrite.php(44): require_once('C:\\laragon\\www\\PWEB2\\cibansos\\public\\index.php')
CRITICAL - 2025-11-14 06:26:16 --> CodeIgniter\View\Exceptions\ViewException: Invalid file: "login/login.php"
[Method: GET, Route: login]
in SYSTEMPATH\Exceptions\FrameworkException.php on line 39.
 1 SYSTEMPATH\View\View.php(214): CodeIgniter\Exceptions\FrameworkException::forInvalidFile('login/login.php')
 2 SYSTEMPATH\Common.php(1167): CodeIgniter\View\View->render('login/login', [], true)
 3 APPPATH\Controllers\adminuser.php(17): view('login/login')
 4 SYSTEMPATH\CodeIgniter.php(933): App\Controllers\adminuser->login()
 5 SYSTEMPATH\CodeIgniter.php(507): CodeIgniter\CodeIgniter->runController(Object(App\Controllers\adminuser))
 6 SYSTEMPATH\CodeIgniter.php(354): CodeIgniter\CodeIgniter->handleRequest(null, Object(Config\Cache), false)
 7 SYSTEMPATH\Boot.php(363): CodeIgniter\CodeIgniter->run()
 8 SYSTEMPATH\Boot.php(68): CodeIgniter\Boot::runCodeIgniter(Object(CodeIgniter\CodeIgniter))
 9 FCPATH\index.php(59): CodeIgniter\Boot::bootWeb(Object(Config\Paths))
10 SYSTEMPATH\rewrite.php(44): require_once('C:\\laragon\\www\\PWEB2\\cibansos\\public\\index.php')
CRITICAL - 2025-11-14 06:31:02 --> CodeIgniter\Exceptions\BadMethodCallException: Call to undefined method App\Models\adminuserModel::getdata
[Method: GET, Route: pengajuan]
in SYSTEMPATH\Model.php on line 927.
 1 APPPATH\Controllers\bansos.php(36): CodeIgniter\Model->__call('getdata', [])
 2 SYSTEMPATH\CodeIgniter.php(933): App\Controllers\bansos->pengajuan()
 3 SYSTEMPATH\CodeIgniter.php(507): CodeIgniter\CodeIgniter->runController(Object(App\Controllers\bansos))
 4 SYSTEMPATH\CodeIgniter.php(354): CodeIgniter\CodeIgniter->handleRequest(null, Object(Config\Cache), false)
 5 SYSTEMPATH\Boot.php(363): CodeIgniter\CodeIgniter->run()
 6 SYSTEMPATH\Boot.php(68): CodeIgniter\Boot::runCodeIgniter(Object(CodeIgniter\CodeIgniter))
 7 FCPATH\index.php(59): CodeIgniter\Boot::bootWeb(Object(Config\Paths))
 8 SYSTEMPATH\rewrite.php(44): require_once('C:\\laragon\\www\\PWEB2\\cibansos\\public\\index.php')
CRITICAL - 2025-11-14 06:31:03 --> CodeIgniter\Exceptions\BadMethodCallException: Call to undefined method App\Models\adminuserModel::getdata
[Method: GET, Route: pengajuan]
in SYSTEMPATH\Model.php on line 927.
 1 APPPATH\Controllers\bansos.php(36): CodeIgniter\Model->__call('getdata', [])
 2 SYSTEMPATH\CodeIgniter.php(933): App\Controllers\bansos->pengajuan()
 3 SYSTEMPATH\CodeIgniter.php(507): CodeIgniter\CodeIgniter->runController(Object(App\Controllers\bansos))
 4 SYSTEMPATH\CodeIgniter.php(354): CodeIgniter\CodeIgniter->handleRequest(null, Object(Config\Cache), false)
 5 SYSTEMPATH\Boot.php(363): CodeIgniter\CodeIgniter->run()
 6 SYSTEMPATH\Boot.php(68): CodeIgniter\Boot::runCodeIgniter(Object(CodeIgniter\CodeIgniter))
 7 FCPATH\index.php(59): CodeIgniter\Boot::bootWeb(Object(Config\Paths))
 8 SYSTEMPATH\rewrite.php(44): require_once('C:\\laragon\\www\\PWEB2\\cibansos\\public\\index.php')
CRITICAL - 2025-11-14 06:31:21 --> CodeIgniter\Exceptions\BadMethodCallException: Call to undefined method App\Models\adminuserModel::getdata
[Method: GET, Route: pengajuan]
in SYSTEMPATH\Model.php on line 927.
 1 APPPATH\Controllers\bansos.php(36): CodeIgniter\Model->__call('getdata', [])
 2 SYSTEMPATH\CodeIgniter.php(933): App\Controllers\bansos->pengajuan()
 3 SYSTEMPATH\CodeIgniter.php(507): CodeIgniter\CodeIgniter->runController(Object(App\Controllers\bansos))
 4 SYSTEMPATH\CodeIgniter.php(354): CodeIgniter\CodeIgniter->handleRequest(null, Object(Config\Cache), false)
 5 SYSTEMPATH\Boot.php(363): CodeIgniter\CodeIgniter->run()
 6 SYSTEMPATH\Boot.php(68): CodeIgniter\Boot::runCodeIgniter(Object(CodeIgniter\CodeIgniter))
 7 FCPATH\index.php(59): CodeIgniter\Boot::bootWeb(Object(Config\Paths))
 8 SYSTEMPATH\rewrite.php(44): require_once('C:\\laragon\\www\\PWEB2\\cibansos\\public\\index.php')
CRITICAL - 2025-11-14 06:31:22 --> CodeIgniter\Exceptions\BadMethodCallException: Call to undefined method App\Models\adminuserModel::getdata
[Method: GET, Route: pengajuan]
in SYSTEMPATH\Model.php on line 927.
 1 APPPATH\Controllers\bansos.php(36): CodeIgniter\Model->__call('getdata', [])
 2 SYSTEMPATH\CodeIgniter.php(933): App\Controllers\bansos->pengajuan()
 3 SYSTEMPATH\CodeIgniter.php(507): CodeIgniter\CodeIgniter->runController(Object(App\Controllers\bansos))
 4 SYSTEMPATH\CodeIgniter.php(354): CodeIgniter\CodeIgniter->handleRequest(null, Object(Config\Cache), false)
 5 SYSTEMPATH\Boot.php(363): CodeIgniter\CodeIgniter->run()
 6 SYSTEMPATH\Boot.php(68): CodeIgniter\Boot::runCodeIgniter(Object(CodeIgniter\CodeIgniter))
 7 FCPATH\index.php(59): CodeIgniter\Boot::bootWeb(Object(Config\Paths))
 8 SYSTEMPATH\rewrite.php(44): require_once('C:\\laragon\\www\\PWEB2\\cibansos\\public\\index.php')
ERROR - 2025-11-14 06:31:43 --> Error connecting to the database: mysqli_sql_exception: Unknown database 'ci4' in C:\laragon\www\PWEB2\cibansos\system\Database\MySQLi\Connection.php:201
Stack trace:
#0 C:\laragon\www\PWEB2\cibansos\system\Database\MySQLi\Connection.php(201): mysqli->real_connect('localhost', 'root', Object(SensitiveParameterValue), 'ci4', 3306, '', 0)
#1 C:\laragon\www\PWEB2\cibansos\system\Database\BaseConnection.php(419): CodeIgniter\Database\MySQLi\Connection->connect(false)
#2 C:\laragon\www\PWEB2\cibansos\system\Database\BaseConnection.php(614): CodeIgniter\Database\BaseConnection->initialize()
#3 C:\laragon\www\PWEB2\cibansos\system\Database\BaseBuilder.php(1649): CodeIgniter\Database\BaseConnection->query('SELECT *\nFROM `...', Array, false)
#4 C:\laragon\www\PWEB2\cibansos\system\Model.php(286): CodeIgniter\Database\BaseBuilder->get()
#5 C:\laragon\www\PWEB2\cibansos\system\BaseModel.php(677): CodeIgniter\Model->doFindAll(0, 0)
#6 C:\laragon\www\PWEB2\cibansos\app\Models\adminuserModel.php(16): CodeIgniter\BaseModel->findAll()
#7 C:\laragon\www\PWEB2\cibansos\app\Controllers\adminuser.php(29): App\Models\adminuserModel->getadminuser()
#8 C:\laragon\www\PWEB2\cibansos\system\CodeIgniter.php(933): App\Controllers\adminuser->index()
#9 C:\laragon\www\PWEB2\cibansos\system\CodeIgniter.php(507): CodeIgniter\CodeIgniter->runController(Object(App\Controllers\adminuser))
#10 C:\laragon\www\PWEB2\cibansos\system\CodeIgniter.php(354): CodeIgniter\CodeIgniter->handleRequest(NULL, Object(Config\Cache), false)
#11 C:\laragon\www\PWEB2\cibansos\system\Boot.php(363): CodeIgniter\CodeIgniter->run()
#12 C:\laragon\www\PWEB2\cibansos\system\Boot.php(68): CodeIgniter\Boot::runCodeIgniter(Object(CodeIgniter\CodeIgniter))
#13 C:\laragon\www\PWEB2\cibansos\public\index.php(59): CodeIgniter\Boot::bootWeb(Object(Config\Paths))
#14 C:\laragon\www\PWEB2\cibansos\system\rewrite.php(44): require_once('C:\\laragon\\www\\...')
#15 {main}

Next CodeIgniter\Database\Exceptions\DatabaseException: Unknown database 'ci4' in C:\laragon\www\PWEB2\cibansos\system\Database\MySQLi\Connection.php:246
Stack trace:
#0 C:\laragon\www\PWEB2\cibansos\system\Database\BaseConnection.php(419): CodeIgniter\Database\MySQLi\Connection->connect(false)
#1 C:\laragon\www\PWEB2\cibansos\system\Database\BaseConnection.php(614): CodeIgniter\Database\BaseConnection->initialize()
#2 C:\laragon\www\PWEB2\cibansos\system\Database\BaseBuilder.php(1649): CodeIgniter\Database\BaseConnection->query('SELECT *\nFROM `...', Array, false)
#3 C:\laragon\www\PWEB2\cibansos\system\Model.php(286): CodeIgniter\Database\BaseBuilder->get()
#4 C:\laragon\www\PWEB2\cibansos\system\BaseModel.php(677): CodeIgniter\Model->doFindAll(0, 0)
#5 C:\laragon\www\PWEB2\cibansos\app\Models\adminuserModel.php(16): CodeIgniter\BaseModel->findAll()
#6 C:\laragon\www\PWEB2\cibansos\app\Controllers\adminuser.php(29): App\Models\adminuserModel->getadminuser()
#7 C:\laragon\www\PWEB2\cibansos\system\CodeIgniter.php(933): App\Controllers\adminuser->index()
#8 C:\laragon\www\PWEB2\cibansos\system\CodeIgniter.php(507): CodeIgniter\CodeIgniter->runController(Object(App\Controllers\adminuser))
#9 C:\laragon\www\PWEB2\cibansos\system\CodeIgniter.php(354): CodeIgniter\CodeIgniter->handleRequest(NULL, Object(Config\Cache), false)
#10 C:\laragon\www\PWEB2\cibansos\system\Boot.php(363): CodeIgniter\CodeIgniter->run()
#11 C:\laragon\www\PWEB2\cibansos\system\Boot.php(68): CodeIgniter\Boot::runCodeIgniter(Object(CodeIgniter\CodeIgniter))
#12 C:\laragon\www\PWEB2\cibansos\public\index.php(59): CodeIgniter\Boot::bootWeb(Object(Config\Paths))
#13 C:\laragon\www\PWEB2\cibansos\system\rewrite.php(44): require_once('C:\\laragon\\www\\...')
#14 {main}
CRITICAL - 2025-11-14 06:31:43 --> CodeIgniter\Database\Exceptions\DatabaseException: Unable to connect to the database.
Main connection [MySQLi]: Unknown database 'ci4'
[Method: GET, Route: pengajuan]
in SYSTEMPATH\Database\BaseConnection.php on line 465.
 1 SYSTEMPATH\Database\BaseConnection.php(614): CodeIgniter\Database\BaseConnection->initialize()
 2 SYSTEMPATH\Database\BaseBuilder.php(1649): CodeIgniter\Database\BaseConnection->query('SELECT *
FROM `data_user`', [], false)
 3 SYSTEMPATH\Model.php(286): CodeIgniter\Database\BaseBuilder->get()
 4 SYSTEMPATH\BaseModel.php(677): CodeIgniter\Model->doFindAll(0, 0)
 5 APPPATH\Models\adminuserModel.php(16): CodeIgniter\BaseModel->findAll()
 6 APPPATH\Controllers\adminuser.php(29): App\Models\adminuserModel->getadminuser()
 7 SYSTEMPATH\CodeIgniter.php(933): App\Controllers\adminuser->index()
 8 SYSTEMPATH\CodeIgniter.php(507): CodeIgniter\CodeIgniter->runController(Object(App\Controllers\adminuser))
 9 SYSTEMPATH\CodeIgniter.php(354): CodeIgniter\CodeIgniter->handleRequest(null, Object(Config\Cache), false)
10 SYSTEMPATH\Boot.php(363): CodeIgniter\CodeIgniter->run()
11 SYSTEMPATH\Boot.php(68): CodeIgniter\Boot::runCodeIgniter(Object(CodeIgniter\CodeIgniter))
12 FCPATH\index.php(59): CodeIgniter\Boot::bootWeb(Object(Config\Paths))
13 SYSTEMPATH\rewrite.php(44): require_once('C:\\laragon\\www\\PWEB2\\cibansos\\public\\index.php')
ERROR - 2025-11-14 06:31:44 --> Error connecting to the database: mysqli_sql_exception: Unknown database 'ci4' in C:\laragon\www\PWEB2\cibansos\system\Database\MySQLi\Connection.php:201
Stack trace:
#0 C:\laragon\www\PWEB2\cibansos\system\Database\MySQLi\Connection.php(201): mysqli->real_connect('localhost', 'root', Object(SensitiveParameterValue), 'ci4', 3306, '', 0)
#1 C:\laragon\www\PWEB2\cibansos\system\Database\BaseConnection.php(419): CodeIgniter\Database\MySQLi\Connection->connect(false)
#2 C:\laragon\www\PWEB2\cibansos\system\Database\BaseConnection.php(614): CodeIgniter\Database\BaseConnection->initialize()
#3 C:\laragon\www\PWEB2\cibansos\system\Database\BaseBuilder.php(1649): CodeIgniter\Database\BaseConnection->query('SELECT *\nFROM `...', Array, false)
#4 C:\laragon\www\PWEB2\cibansos\system\Model.php(286): CodeIgniter\Database\BaseBuilder->get()
#5 C:\laragon\www\PWEB2\cibansos\system\BaseModel.php(677): CodeIgniter\Model->doFindAll(0, 0)
#6 C:\laragon\www\PWEB2\cibansos\app\Models\adminuserModel.php(16): CodeIgniter\BaseModel->findAll()
#7 C:\laragon\www\PWEB2\cibansos\app\Controllers\adminuser.php(29): App\Models\adminuserModel->getadminuser()
#8 C:\laragon\www\PWEB2\cibansos\system\CodeIgniter.php(933): App\Controllers\adminuser->index()
#9 C:\laragon\www\PWEB2\cibansos\system\CodeIgniter.php(507): CodeIgniter\CodeIgniter->runController(Object(App\Controllers\adminuser))
#10 C:\laragon\www\PWEB2\cibansos\system\CodeIgniter.php(354): CodeIgniter\CodeIgniter->handleRequest(NULL, Object(Config\Cache), false)
#11 C:\laragon\www\PWEB2\cibansos\system\Boot.php(363): CodeIgniter\CodeIgniter->run()
#12 C:\laragon\www\PWEB2\cibansos\system\Boot.php(68): CodeIgniter\Boot::runCodeIgniter(Object(CodeIgniter\CodeIgniter))
#13 C:\laragon\www\PWEB2\cibansos\public\index.php(59): CodeIgniter\Boot::bootWeb(Object(Config\Paths))
#14 C:\laragon\www\PWEB2\cibansos\system\rewrite.php(44): require_once('C:\\laragon\\www\\...')
#15 {main}

Next CodeIgniter\Database\Exceptions\DatabaseException: Unknown database 'ci4' in C:\laragon\www\PWEB2\cibansos\system\Database\MySQLi\Connection.php:246
Stack trace:
#0 C:\laragon\www\PWEB2\cibansos\system\Database\BaseConnection.php(419): CodeIgniter\Database\MySQLi\Connection->connect(false)
#1 C:\laragon\www\PWEB2\cibansos\system\Database\BaseConnection.php(614): CodeIgniter\Database\BaseConnection->initialize()
#2 C:\laragon\www\PWEB2\cibansos\system\Database\BaseBuilder.php(1649): CodeIgniter\Database\BaseConnection->query('SELECT *\nFROM `...', Array, false)
#3 C:\laragon\www\PWEB2\cibansos\system\Model.php(286): CodeIgniter\Database\BaseBuilder->get()
#4 C:\laragon\www\PWEB2\cibansos\system\BaseModel.php(677): CodeIgniter\Model->doFindAll(0, 0)
#5 C:\laragon\www\PWEB2\cibansos\app\Models\adminuserModel.php(16): CodeIgniter\BaseModel->findAll()
#6 C:\laragon\www\PWEB2\cibansos\app\Controllers\adminuser.php(29): App\Models\adminuserModel->getadminuser()
#7 C:\laragon\www\PWEB2\cibansos\system\CodeIgniter.php(933): App\Controllers\adminuser->index()
#8 C:\laragon\www\PWEB2\cibansos\system\CodeIgniter.php(507): CodeIgniter\CodeIgniter->runController(Object(App\Controllers\adminuser))
#9 C:\laragon\www\PWEB2\cibansos\system\CodeIgniter.php(354): CodeIgniter\CodeIgniter->handleRequest(NULL, Object(Config\Cache), false)
#10 C:\laragon\www\PWEB2\cibansos\system\Boot.php(363): CodeIgniter\CodeIgniter->run()
#11 C:\laragon\www\PWEB2\cibansos\system\Boot.php(68): CodeIgniter\Boot::runCodeIgniter(Object(CodeIgniter\CodeIgniter))
#12 C:\laragon\www\PWEB2\cibansos\public\index.php(59): CodeIgniter\Boot::bootWeb(Object(Config\Paths))
#13 C:\laragon\www\PWEB2\cibansos\system\rewrite.php(44): require_once('C:\\laragon\\www\\...')
#14 {main}
CRITICAL - 2025-11-14 06:31:44 --> CodeIgniter\Database\Exceptions\DatabaseException: Unable to connect to the database.
Main connection [MySQLi]: Unknown database 'ci4'
[Method: GET, Route: pengajuan]
in SYSTEMPATH\Database\BaseConnection.php on line 465.
 1 SYSTEMPATH\Database\BaseConnection.php(614): CodeIgniter\Database\BaseConnection->initialize()
 2 SYSTEMPATH\Database\BaseBuilder.php(1649): CodeIgniter\Database\BaseConnection->query('SELECT *
FROM `data_user`', [], false)
 3 SYSTEMPATH\Model.php(286): CodeIgniter\Database\BaseBuilder->get()
 4 SYSTEMPATH\BaseModel.php(677): CodeIgniter\Model->doFindAll(0, 0)
 5 APPPATH\Models\adminuserModel.php(16): CodeIgniter\BaseModel->findAll()
 6 APPPATH\Controllers\adminuser.php(29): App\Models\adminuserModel->getadminuser()
 7 SYSTEMPATH\CodeIgniter.php(933): App\Controllers\adminuser->index()
 8 SYSTEMPATH\CodeIgniter.php(507): CodeIgniter\CodeIgniter->runController(Object(App\Controllers\adminuser))
 9 SYSTEMPATH\CodeIgniter.php(354): CodeIgniter\CodeIgniter->handleRequest(null, Object(Config\Cache), false)
10 SYSTEMPATH\Boot.php(363): CodeIgniter\CodeIgniter->run()
11 SYSTEMPATH\Boot.php(68): CodeIgniter\Boot::runCodeIgniter(Object(CodeIgniter\CodeIgniter))
12 FCPATH\index.php(59): CodeIgniter\Boot::bootWeb(Object(Config\Paths))
13 SYSTEMPATH\rewrite.php(44): require_once('C:\\laragon\\www\\PWEB2\\cibansos\\public\\index.php')
DEBUG - 2025-11-14 06:32:01 --> Session: Class initialized using 'CodeIgniter\Session\Handlers\FileHandler' driver.
DEBUG - 2025-11-14 06:32:01 --> Session: Class initialized using 'CodeIgniter\Session\Handlers\FileHandler' driver.
CRITICAL - 2025-11-14 07:31:42 --> ArgumentCountError: Too few arguments to function App\Controllers\bansos::ubah(), 0 passed in C:\laragon\www\PWEB2\cibansos\system\CodeIgniter.php on line 933 and exactly 1 expected
[Method: GET, Route: ubah]
in APPPATH\Controllers\bansos.php on line 52.
 1 SYSTEMPATH\CodeIgniter.php(933): App\Controllers\bansos->ubah()
 2 SYSTEMPATH\CodeIgniter.php(507): CodeIgniter\CodeIgniter->runController(Object(App\Controllers\bansos))
 3 SYSTEMPATH\CodeIgniter.php(354): CodeIgniter\CodeIgniter->handleRequest(null, Object(Config\Cache), false)
 4 SYSTEMPATH\Boot.php(363): CodeIgniter\CodeIgniter->run()
 5 SYSTEMPATH\Boot.php(68): CodeIgniter\Boot::runCodeIgniter(Object(CodeIgniter\CodeIgniter))
 6 FCPATH\index.php(59): CodeIgniter\Boot::bootWeb(Object(Config\Paths))
 7 SYSTEMPATH\rewrite.php(44): require_once('C:\\laragon\\www\\PWEB2\\cibansos\\public\\index.php')
CRITICAL - 2025-11-14 07:31:42 --> ArgumentCountError: Too few arguments to function App\Controllers\bansos::ubah(), 0 passed in C:\laragon\www\PWEB2\cibansos\system\CodeIgniter.php on line 933 and exactly 1 expected
[Method: GET, Route: ubah]
in APPPATH\Controllers\bansos.php on line 52.
 1 SYSTEMPATH\CodeIgniter.php(933): App\Controllers\bansos->ubah()
 2 SYSTEMPATH\CodeIgniter.php(507): CodeIgniter\CodeIgniter->runController(Object(App\Controllers\bansos))
 3 SYSTEMPATH\CodeIgniter.php(354): CodeIgniter\CodeIgniter->handleRequest(null, Object(Config\Cache), false)
 4 SYSTEMPATH\Boot.php(363): CodeIgniter\CodeIgniter->run()
 5 SYSTEMPATH\Boot.php(68): CodeIgniter\Boot::runCodeIgniter(Object(CodeIgniter\CodeIgniter))
 6 FCPATH\index.php(59): CodeIgniter\Boot::bootWeb(Object(Config\Paths))
 7 SYSTEMPATH\rewrite.php(44): require_once('C:\\laragon\\www\\PWEB2\\cibansos\\public\\index.php')
CRITICAL - 2025-11-14 07:32:27 --> ArgumentCountError: Too few arguments to function App\Controllers\bansos::ubahuser(), 0 passed in C:\laragon\www\PWEB2\cibansos\system\CodeIgniter.php on line 933 and exactly 1 expected
[Method: GET, Route: ubah]
in APPPATH\Controllers\bansos.php on line 52.
 1 SYSTEMPATH\CodeIgniter.php(933): App\Controllers\bansos->ubahuser()
 2 SYSTEMPATH\CodeIgniter.php(507): CodeIgniter\CodeIgniter->runController(Object(App\Controllers\bansos))
 3 SYSTEMPATH\CodeIgniter.php(354): CodeIgniter\CodeIgniter->handleRequest(null, Object(Config\Cache), false)
 4 SYSTEMPATH\Boot.php(363): CodeIgniter\CodeIgniter->run()
 5 SYSTEMPATH\Boot.php(68): CodeIgniter\Boot::runCodeIgniter(Object(CodeIgniter\CodeIgniter))
 6 FCPATH\index.php(59): CodeIgniter\Boot::bootWeb(Object(Config\Paths))
 7 SYSTEMPATH\rewrite.php(44): require_once('C:\\laragon\\www\\PWEB2\\cibansos\\public\\index.php')
CRITICAL - 2025-11-14 07:33:02 --> ArgumentCountError: Too few arguments to function App\Controllers\bansos::ubahuser(), 0 passed in C:\laragon\www\PWEB2\cibansos\system\CodeIgniter.php on line 933 and exactly 1 expected
[Method: GET, Route: ubah]
in APPPATH\Controllers\bansos.php on line 52.
 1 SYSTEMPATH\CodeIgniter.php(933): App\Controllers\bansos->ubahuser()
 2 SYSTEMPATH\CodeIgniter.php(507): CodeIgniter\CodeIgniter->runController(Object(App\Controllers\bansos))
 3 SYSTEMPATH\CodeIgniter.php(354): CodeIgniter\CodeIgniter->handleRequest(null, Object(Config\Cache), false)
 4 SYSTEMPATH\Boot.php(363): CodeIgniter\CodeIgniter->run()
 5 SYSTEMPATH\Boot.php(68): CodeIgniter\Boot::runCodeIgniter(Object(CodeIgniter\CodeIgniter))
 6 FCPATH\index.php(59): CodeIgniter\Boot::bootWeb(Object(Config\Paths))
 7 SYSTEMPATH\rewrite.php(44): require_once('C:\\laragon\\www\\PWEB2\\cibansos\\public\\index.php')
CRITICAL - 2025-11-14 07:33:03 --> ArgumentCountError: Too few arguments to function App\Controllers\bansos::ubahuser(), 0 passed in C:\laragon\www\PWEB2\cibansos\system\CodeIgniter.php on line 933 and exactly 1 expected
[Method: GET, Route: ubah]
in APPPATH\Controllers\bansos.php on line 52.
 1 SYSTEMPATH\CodeIgniter.php(933): App\Controllers\bansos->ubahuser()
 2 SYSTEMPATH\CodeIgniter.php(507): CodeIgniter\CodeIgniter->runController(Object(App\Controllers\bansos))
 3 SYSTEMPATH\CodeIgniter.php(354): CodeIgniter\CodeIgniter->handleRequest(null, Object(Config\Cache), false)
 4 SYSTEMPATH\Boot.php(363): CodeIgniter\CodeIgniter->run()
 5 SYSTEMPATH\Boot.php(68): CodeIgniter\Boot::runCodeIgniter(Object(CodeIgniter\CodeIgniter))
 6 FCPATH\index.php(59): CodeIgniter\Boot::bootWeb(Object(Config\Paths))
 7 SYSTEMPATH\rewrite.php(44): require_once('C:\\laragon\\www\\PWEB2\\cibansos\\public\\index.php')
CRITICAL - 2025-11-14 07:33:15 --> ArgumentCountError: Too few arguments to function App\Controllers\bansos::ubahuser(), 0 passed in C:\laragon\www\PWEB2\cibansos\system\CodeIgniter.php on line 933 and exactly 1 expected
[Method: GET, Route: ubah]
in APPPATH\Controllers\bansos.php on line 52.
 1 SYSTEMPATH\CodeIgniter.php(933): App\Controllers\bansos->ubahuser()
 2 SYSTEMPATH\CodeIgniter.php(507): CodeIgniter\CodeIgniter->runController(Object(App\Controllers\bansos))
 3 SYSTEMPATH\CodeIgniter.php(354): CodeIgniter\CodeIgniter->handleRequest(null, Object(Config\Cache), false)
 4 SYSTEMPATH\Boot.php(363): CodeIgniter\CodeIgniter->run()
 5 SYSTEMPATH\Boot.php(68): CodeIgniter\Boot::runCodeIgniter(Object(CodeIgniter\CodeIgniter))
 6 FCPATH\index.php(59): CodeIgniter\Boot::bootWeb(Object(Config\Paths))
 7 SYSTEMPATH\rewrite.php(44): require_once('C:\\laragon\\www\\PWEB2\\cibansos\\public\\index.php')
CRITICAL - 2025-11-14 07:33:16 --> ArgumentCountError: Too few arguments to function App\Controllers\bansos::ubahuser(), 0 passed in C:\laragon\www\PWEB2\cibansos\system\CodeIgniter.php on line 933 and exactly 1 expected
[Method: GET, Route: ubah]
in APPPATH\Controllers\bansos.php on line 52.
 1 SYSTEMPATH\CodeIgniter.php(933): App\Controllers\bansos->ubahuser()
 2 SYSTEMPATH\CodeIgniter.php(507): CodeIgniter\CodeIgniter->runController(Object(App\Controllers\bansos))
 3 SYSTEMPATH\CodeIgniter.php(354): CodeIgniter\CodeIgniter->handleRequest(null, Object(Config\Cache), false)
 4 SYSTEMPATH\Boot.php(363): CodeIgniter\CodeIgniter->run()
 5 SYSTEMPATH\Boot.php(68): CodeIgniter\Boot::runCodeIgniter(Object(CodeIgniter\CodeIgniter))
 6 FCPATH\index.php(59): CodeIgniter\Boot::bootWeb(Object(Config\Paths))
 7 SYSTEMPATH\rewrite.php(44): require_once('C:\\laragon\\www\\PWEB2\\cibansos\\public\\index.php')
CRITICAL - 2025-11-14 07:34:01 --> ArgumentCountError: Too few arguments to function App\Controllers\bansos::ubahuser(), 0 passed in C:\laragon\www\PWEB2\cibansos\system\CodeIgniter.php on line 933 and exactly 1 expected
[Method: GET, Route: ubah]
in APPPATH\Controllers\bansos.php on line 52.
 1 SYSTEMPATH\CodeIgniter.php(933): App\Controllers\bansos->ubahuser()
 2 SYSTEMPATH\CodeIgniter.php(507): CodeIgniter\CodeIgniter->runController(Object(App\Controllers\bansos))
 3 SYSTEMPATH\CodeIgniter.php(354): CodeIgniter\CodeIgniter->handleRequest(null, Object(Config\Cache), false)
 4 SYSTEMPATH\Boot.php(363): CodeIgniter\CodeIgniter->run()
 5 SYSTEMPATH\Boot.php(68): CodeIgniter\Boot::runCodeIgniter(Object(CodeIgniter\CodeIgniter))
 6 FCPATH\index.php(59): CodeIgniter\Boot::bootWeb(Object(Config\Paths))
 7 SYSTEMPATH\rewrite.php(44): require_once('C:\\laragon\\www\\PWEB2\\cibansos\\public\\index.php')
CRITICAL - 2025-11-14 07:34:01 --> ArgumentCountError: Too few arguments to function App\Controllers\bansos::ubahuser(), 0 passed in C:\laragon\www\PWEB2\cibansos\system\CodeIgniter.php on line 933 and exactly 1 expected
[Method: GET, Route: ubah]
in APPPATH\Controllers\bansos.php on line 52.
 1 SYSTEMPATH\CodeIgniter.php(933): App\Controllers\bansos->ubahuser()
 2 SYSTEMPATH\CodeIgniter.php(507): CodeIgniter\CodeIgniter->runController(Object(App\Controllers\bansos))
 3 SYSTEMPATH\CodeIgniter.php(354): CodeIgniter\CodeIgniter->handleRequest(null, Object(Config\Cache), false)
 4 SYSTEMPATH\Boot.php(363): CodeIgniter\CodeIgniter->run()
 5 SYSTEMPATH\Boot.php(68): CodeIgniter\Boot::runCodeIgniter(Object(CodeIgniter\CodeIgniter))
 6 FCPATH\index.php(59): CodeIgniter\Boot::bootWeb(Object(Config\Paths))
 7 SYSTEMPATH\rewrite.php(44): require_once('C:\\laragon\\www\\PWEB2\\cibansos\\public\\index.php')
CRITICAL - 2025-11-14 07:35:04 --> ArgumentCountError: Too few arguments to function App\Controllers\bansos::ubahuser(), 0 passed in C:\laragon\www\PWEB2\cibansos\system\CodeIgniter.php on line 933 and exactly 1 expected
[Method: GET, Route: ganti]
in APPPATH\Controllers\bansos.php on line 52.
 1 SYSTEMPATH\CodeIgniter.php(933): App\Controllers\bansos->ubahuser()
 2 SYSTEMPATH\CodeIgniter.php(507): CodeIgniter\CodeIgniter->runController(Object(App\Controllers\bansos))
 3 SYSTEMPATH\CodeIgniter.php(354): CodeIgniter\CodeIgniter->handleRequest(null, Object(Config\Cache), false)
 4 SYSTEMPATH\Boot.php(363): CodeIgniter\CodeIgniter->run()
 5 SYSTEMPATH\Boot.php(68): CodeIgniter\Boot::runCodeIgniter(Object(CodeIgniter\CodeIgniter))
 6 FCPATH\index.php(59): CodeIgniter\Boot::bootWeb(Object(Config\Paths))
 7 SYSTEMPATH\rewrite.php(44): require_once('C:\\laragon\\www\\PWEB2\\cibansos\\public\\index.php')
CRITICAL - 2025-11-14 07:35:37 --> ArgumentCountError: Too few arguments to function App\Controllers\bansos::ubahuser(), 0 passed in C:\laragon\www\PWEB2\cibansos\system\CodeIgniter.php on line 933 and exactly 1 expected
[Method: GET, Route: ganti]
in APPPATH\Controllers\bansos.php on line 52.
 1 SYSTEMPATH\CodeIgniter.php(933): App\Controllers\bansos->ubahuser()
 2 SYSTEMPATH\CodeIgniter.php(507): CodeIgniter\CodeIgniter->runController(Object(App\Controllers\bansos))
 3 SYSTEMPATH\CodeIgniter.php(354): CodeIgniter\CodeIgniter->handleRequest(null, Object(Config\Cache), false)
 4 SYSTEMPATH\Boot.php(363): CodeIgniter\CodeIgniter->run()
 5 SYSTEMPATH\Boot.php(68): CodeIgniter\Boot::runCodeIgniter(Object(CodeIgniter\CodeIgniter))
 6 FCPATH\index.php(59): CodeIgniter\Boot::bootWeb(Object(Config\Paths))
 7 SYSTEMPATH\rewrite.php(44): require_once('C:\\laragon\\www\\PWEB2\\cibansos\\public\\index.php')
CRITICAL - 2025-11-14 07:36:25 --> CodeIgniter\Exceptions\BadMethodCallException: Call to undefined method App\Models\adminuserModel::getdata
[Method: GET, Route: ganti]
in SYSTEMPATH\Model.php on line 927.
 1 APPPATH\Controllers\bansos.php(39): CodeIgniter\Model->__call('getdata', [])
 2 SYSTEMPATH\CodeIgniter.php(933): App\Controllers\bansos->ubahuser()
 3 SYSTEMPATH\CodeIgniter.php(507): CodeIgniter\CodeIgniter->runController(Object(App\Controllers\bansos))
 4 SYSTEMPATH\CodeIgniter.php(354): CodeIgniter\CodeIgniter->handleRequest(null, Object(Config\Cache), false)
 5 SYSTEMPATH\Boot.php(363): CodeIgniter\CodeIgniter->run()
 6 SYSTEMPATH\Boot.php(68): CodeIgniter\Boot::runCodeIgniter(Object(CodeIgniter\CodeIgniter))
 7 FCPATH\index.php(59): CodeIgniter\Boot::bootWeb(Object(Config\Paths))
 8 SYSTEMPATH\rewrite.php(44): require_once('C:\\laragon\\www\\PWEB2\\cibansos\\public\\index.php')
CRITICAL - 2025-11-14 07:36:26 --> CodeIgniter\Exceptions\BadMethodCallException: Call to undefined method App\Models\adminuserModel::getdata
[Method: GET, Route: ganti]
in SYSTEMPATH\Model.php on line 927.
 1 APPPATH\Controllers\bansos.php(39): CodeIgniter\Model->__call('getdata', [])
 2 SYSTEMPATH\CodeIgniter.php(933): App\Controllers\bansos->ubahuser()
 3 SYSTEMPATH\CodeIgniter.php(507): CodeIgniter\CodeIgniter->runController(Object(App\Controllers\bansos))
 4 SYSTEMPATH\CodeIgniter.php(354): CodeIgniter\CodeIgniter->handleRequest(null, Object(Config\Cache), false)
 5 SYSTEMPATH\Boot.php(363): CodeIgniter\CodeIgniter->run()
 6 SYSTEMPATH\Boot.php(68): CodeIgniter\Boot::runCodeIgniter(Object(CodeIgniter\CodeIgniter))
 7 FCPATH\index.php(59): CodeIgniter\Boot::bootWeb(Object(Config\Paths))
 8 SYSTEMPATH\rewrite.php(44): require_once('C:\\laragon\\www\\PWEB2\\cibansos\\public\\index.php')
DEBUG - 2025-11-14 07:40:05 --> Session: Class initialized using 'CodeIgniter\Session\Handlers\FileHandler' driver.
DEBUG - 2025-11-14 07:41:35 --> Session: Class initialized using 'CodeIgniter\Session\Handlers\FileHandler' driver.
DEBUG - 2025-11-14 07:41:35 --> Session: Class initialized using 'CodeIgniter\Session\Handlers\FileHandler' driver.
CRITICAL - 2025-11-14 07:41:39 --> ArgumentCountError: Too few arguments to function App\Controllers\adminuser::edit(), 0 passed in C:\laragon\www\PWEB2\cibansos\system\CodeIgniter.php on line 933 and exactly 1 expected
[Method: GET, Route: edit]
in APPPATH\Controllers\adminuser.php on line 41.
 1 SYSTEMPATH\CodeIgniter.php(933): App\Controllers\adminuser->edit()
 2 SYSTEMPATH\CodeIgniter.php(507): CodeIgniter\CodeIgniter->runController(Object(App\Controllers\adminuser))
 3 SYSTEMPATH\CodeIgniter.php(354): CodeIgniter\CodeIgniter->handleRequest(null, Object(Config\Cache), false)
 4 SYSTEMPATH\Boot.php(363): CodeIgniter\CodeIgniter->run()
 5 SYSTEMPATH\Boot.php(68): CodeIgniter\Boot::runCodeIgniter(Object(CodeIgniter\CodeIgniter))
 6 FCPATH\index.php(59): CodeIgniter\Boot::bootWeb(Object(Config\Paths))
 7 SYSTEMPATH\rewrite.php(44): require_once('C:\\laragon\\www\\PWEB2\\cibansos\\public\\index.php')
CRITICAL - 2025-11-14 07:42:24 --> ArgumentCountError: Too few arguments to function App\Controllers\adminuser::edit(), 0 passed in C:\laragon\www\PWEB2\cibansos\system\CodeIgniter.php on line 933 and exactly 1 expected
[Method: GET, Route: edit]
in APPPATH\Controllers\adminuser.php on line 41.
 1 SYSTEMPATH\CodeIgniter.php(933): App\Controllers\adminuser->edit()
 2 SYSTEMPATH\CodeIgniter.php(507): CodeIgniter\CodeIgniter->runController(Object(App\Controllers\adminuser))
 3 SYSTEMPATH\CodeIgniter.php(354): CodeIgniter\CodeIgniter->handleRequest(null, Object(Config\Cache), false)
 4 SYSTEMPATH\Boot.php(363): CodeIgniter\CodeIgniter->run()
 5 SYSTEMPATH\Boot.php(68): CodeIgniter\Boot::runCodeIgniter(Object(CodeIgniter\CodeIgniter))
 6 FCPATH\index.php(59): CodeIgniter\Boot::bootWeb(Object(Config\Paths))
 7 SYSTEMPATH\rewrite.php(44): require_once('C:\\laragon\\www\\PWEB2\\cibansos\\public\\index.php')
CRITICAL - 2025-11-14 07:42:24 --> ArgumentCountError: Too few arguments to function App\Controllers\adminuser::edit(), 0 passed in C:\laragon\www\PWEB2\cibansos\system\CodeIgniter.php on line 933 and exactly 1 expected
[Method: GET, Route: edit]
in APPPATH\Controllers\adminuser.php on line 41.
 1 SYSTEMPATH\CodeIgniter.php(933): App\Controllers\adminuser->edit()
 2 SYSTEMPATH\CodeIgniter.php(507): CodeIgniter\CodeIgniter->runController(Object(App\Controllers\adminuser))
 3 SYSTEMPATH\CodeIgniter.php(354): CodeIgniter\CodeIgniter->handleRequest(null, Object(Config\Cache), false)
 4 SYSTEMPATH\Boot.php(363): CodeIgniter\CodeIgniter->run()
 5 SYSTEMPATH\Boot.php(68): CodeIgniter\Boot::runCodeIgniter(Object(CodeIgniter\CodeIgniter))
 6 FCPATH\index.php(59): CodeIgniter\Boot::bootWeb(Object(Config\Paths))
 7 SYSTEMPATH\rewrite.php(44): require_once('C:\\laragon\\www\\PWEB2\\cibansos\\public\\index.php')
CRITICAL - 2025-11-14 07:43:10 --> ArgumentCountError: Too few arguments to function App\Controllers\adminuser::edit(), 0 passed in C:\laragon\www\PWEB2\cibansos\system\CodeIgniter.php on line 933 and exactly 1 expected
[Method: GET, Route: adminuser/edit]
in APPPATH\Controllers\adminuser.php on line 41.
 1 SYSTEMPATH\CodeIgniter.php(933): App\Controllers\adminuser->edit()
 2 SYSTEMPATH\CodeIgniter.php(507): CodeIgniter\CodeIgniter->runController(Object(App\Controllers\adminuser))
 3 SYSTEMPATH\CodeIgniter.php(354): CodeIgniter\CodeIgniter->handleRequest(null, Object(Config\Cache), false)
 4 SYSTEMPATH\Boot.php(363): CodeIgniter\CodeIgniter->run()
 5 SYSTEMPATH\Boot.php(68): CodeIgniter\Boot::runCodeIgniter(Object(CodeIgniter\CodeIgniter))
 6 FCPATH\index.php(59): CodeIgniter\Boot::bootWeb(Object(Config\Paths))
 7 SYSTEMPATH\rewrite.php(44): require_once('C:\\laragon\\www\\PWEB2\\cibansos\\public\\index.php')
CRITICAL - 2025-11-14 07:43:11 --> ArgumentCountError: Too few arguments to function App\Controllers\adminuser::edit(), 0 passed in C:\laragon\www\PWEB2\cibansos\system\CodeIgniter.php on line 933 and exactly 1 expected
[Method: GET, Route: adminuser/edit]
in APPPATH\Controllers\adminuser.php on line 41.
 1 SYSTEMPATH\CodeIgniter.php(933): App\Controllers\adminuser->edit()
 2 SYSTEMPATH\CodeIgniter.php(507): CodeIgniter\CodeIgniter->runController(Object(App\Controllers\adminuser))
 3 SYSTEMPATH\CodeIgniter.php(354): CodeIgniter\CodeIgniter->handleRequest(null, Object(Config\Cache), false)
 4 SYSTEMPATH\Boot.php(363): CodeIgniter\CodeIgniter->run()
 5 SYSTEMPATH\Boot.php(68): CodeIgniter\Boot::runCodeIgniter(Object(CodeIgniter\CodeIgniter))
 6 FCPATH\index.php(59): CodeIgniter\Boot::bootWeb(Object(Config\Paths))
 7 SYSTEMPATH\rewrite.php(44): require_once('C:\\laragon\\www\\PWEB2\\cibansos\\public\\index.php')
