DEBUG - 2025-11-16 14:38:53 --> Session: Class initialized using 'CodeIgniter\Session\Handlers\FileHandler' driver.
CRITICAL - 2025-11-16 16:13:33 --> CodeIgniter\View\Exceptions\ViewException: Invalid file: "user/profil.php"
[Method: GET, Route: profil]
in SYSTEMPATH\Exceptions\FrameworkException.php on line 39.
 1 SYSTEMPATH\View\View.php(214): CodeIgniter\Exceptions\FrameworkException::forInvalidFile('user/profil.php')
 2 SYSTEMPATH\Common.php(1167): CodeIgniter\View\View->render('user/profil', [], true)
 3 APPPATH\Controllers\bansos.php(18): view('user/profil')
 4 SYSTEMPATH\CodeIgniter.php(933): App\Controllers\bansos->profil()
 5 SYSTEMPATH\CodeIgniter.php(507): CodeIgniter\CodeIgniter->runController(Object(App\Controllers\bansos))
 6 SYSTEMPATH\CodeIgniter.php(354): CodeIgniter\CodeIgniter->handleRequest(null, Object(Config\Cache), false)
 7 SYSTEMPATH\Boot.php(363): CodeIgniter\CodeIgniter->run()
 8 SYSTEMPATH\Boot.php(68): CodeIgniter\Boot::runCodeIgniter(Object(CodeIgniter\CodeIgniter))
 9 FCPATH\index.php(59): CodeIgniter\Boot::bootWeb(Object(Config\Paths))
10 SYSTEMPATH\rewrite.php(44): require_once('C:\\laragon\\www\\PWEB2\\cibansos\\public\\index.php')
DEBUG - 2025-11-16 16:54:04 --> Session: Class initialized using 'CodeIgniter\Session\Handlers\FileHandler' driver.
DEBUG - 2025-11-16 17:12:18 --> Session: Class initialized using 'CodeIgniter\Session\Handlers\FileHandler' driver.
DEBUG - 2025-11-16 17:12:56 --> Session: Class initialized using 'CodeIgniter\Session\Handlers\FileHandler' driver.
CRITICAL - 2025-11-16 17:12:56 --> ErrorException: Undefined array key "Nama"
[Method: GET, Route: adminuser]
in APPPATH\Views\adminuser\pengajuan.php on line 320.
 1 APPPATH\Views\adminuser\pengajuan.php(320): CodeIgniter\Debug\Exceptions->errorHandler(2, 'Undefined array key "Nama"', 'C:\\laragon\\www\\PWEB2\\cibansos\\app\\Views\\adminuser\\pengajuan.php', 320)
 2 SYSTEMPATH\View\View.php(226): include('C:\\laragon\\www\\PWEB2\\cibansos\\app\\Views\\adminuser\\pengajuan.php')
 3 SYSTEMPATH\View\View.php(229): CodeIgniter\View\View->CodeIgniter\View\{closure}()
 4 SYSTEMPATH\Common.php(1167): CodeIgniter\View\View->render('adminuser/pengajuan', [], true)
 5 APPPATH\Controllers\adminuser.php(31): view('adminuser/pengajuan', [...])
 6 SYSTEMPATH\CodeIgniter.php(933): App\Controllers\adminuser->index()
 7 SYSTEMPATH\CodeIgniter.php(507): CodeIgniter\CodeIgniter->runController(Object(App\Controllers\adminuser))
 8 SYSTEMPATH\CodeIgniter.php(354): CodeIgniter\CodeIgniter->handleRequest(null, Object(Config\Cache), false)
 9 SYSTEMPATH\Boot.php(363): CodeIgniter\CodeIgniter->run()
10 SYSTEMPATH\Boot.php(68): CodeIgniter\Boot::runCodeIgniter(Object(CodeIgniter\CodeIgniter))
11 FCPATH\index.php(59): CodeIgniter\Boot::bootWeb(Object(Config\Paths))
12 SYSTEMPATH\rewrite.php(44): require_once('C:\\laragon\\www\\PWEB2\\cibansos\\public\\index.php')
DEBUG - 2025-11-16 17:14:07 --> Session: Class initialized using 'CodeIgniter\Session\Handlers\FileHandler' driver.
CRITICAL - 2025-11-16 17:14:07 --> ErrorException: Undefined array key "status"
[Method: GET, Route: adminuser]
in APPPATH\Views\adminuser\pengajuan.php on line 322.
 1 APPPATH\Views\adminuser\pengajuan.php(322): CodeIgniter\Debug\Exceptions->errorHandler(2, 'Undefined array key "status"', 'C:\\laragon\\www\\PWEB2\\cibansos\\app\\Views\\adminuser\\pengajuan.php', 322)
 2 SYSTEMPATH\View\View.php(226): include('C:\\laragon\\www\\PWEB2\\cibansos\\app\\Views\\adminuser\\pengajuan.php')
 3 SYSTEMPATH\View\View.php(229): CodeIgniter\View\View->CodeIgniter\View\{closure}()
 4 SYSTEMPATH\Common.php(1167): CodeIgniter\View\View->render('adminuser/pengajuan', [], true)
 5 APPPATH\Controllers\adminuser.php(31): view('adminuser/pengajuan', [...])
 6 SYSTEMPATH\CodeIgniter.php(933): App\Controllers\adminuser->index()
 7 SYSTEMPATH\CodeIgniter.php(507): CodeIgniter\CodeIgniter->runController(Object(App\Controllers\adminuser))
 8 SYSTEMPATH\CodeIgniter.php(354): CodeIgniter\CodeIgniter->handleRequest(null, Object(Config\Cache), false)
 9 SYSTEMPATH\Boot.php(363): CodeIgniter\CodeIgniter->run()
10 SYSTEMPATH\Boot.php(68): CodeIgniter\Boot::runCodeIgniter(Object(CodeIgniter\CodeIgniter))
11 FCPATH\index.php(59): CodeIgniter\Boot::bootWeb(Object(Config\Paths))
12 SYSTEMPATH\rewrite.php(44): require_once('C:\\laragon\\www\\PWEB2\\cibansos\\public\\index.php')
DEBUG - 2025-11-16 17:14:26 --> Session: Class initialized using 'CodeIgniter\Session\Handlers\FileHandler' driver.
DEBUG - 2025-11-16 17:14:53 --> Session: Class initialized using 'CodeIgniter\Session\Handlers\FileHandler' driver.
DEBUG - 2025-11-16 17:14:53 --> Session: Class initialized using 'CodeIgniter\Session\Handlers\FileHandler' driver.
CRITICAL - 2025-11-16 17:17:28 --> ArgumentCountError: Too few arguments to function App\Controllers\adminuser::edit(), 0 passed in C:\laragon\www\PWEB2\cibansos\system\CodeIgniter.php on line 933 and exactly 1 expected
[Method: GET, Route: adminuser/edit]
in APPPATH\Controllers\adminuser.php on line 41.
 1 SYSTEMPATH\CodeIgniter.php(933): App\Controllers\adminuser->edit()
 2 SYSTEMPATH\CodeIgniter.php(507): CodeIgniter\CodeIgniter->runController(Object(App\Controllers\adminuser))
 3 SYSTEMPATH\CodeIgniter.php(354): CodeIgniter\CodeIgniter->handleRequest(null, Object(Config\Cache), false)
 4 SYSTEMPATH\Boot.php(363): CodeIgniter\CodeIgniter->run()
 5 SYSTEMPATH\Boot.php(68): CodeIgniter\Boot::runCodeIgniter(Object(CodeIgniter\CodeIgniter))
 6 FCPATH\index.php(59): CodeIgniter\Boot::bootWeb(Object(Config\Paths))
 7 SYSTEMPATH\rewrite.php(44): require_once('C:\\laragon\\www\\PWEB2\\cibansos\\public\\index.php')
CRITICAL - 2025-11-16 17:18:15 --> ArgumentCountError: Too few arguments to function App\Controllers\adminuser::edit(), 0 passed in C:\laragon\www\PWEB2\cibansos\system\CodeIgniter.php on line 933 and exactly 1 expected
[Method: GET, Route: edit]
in APPPATH\Controllers\adminuser.php on line 41.
 1 SYSTEMPATH\CodeIgniter.php(933): App\Controllers\adminuser->edit()
 2 SYSTEMPATH\CodeIgniter.php(507): CodeIgniter\CodeIgniter->runController(Object(App\Controllers\adminuser))
 3 SYSTEMPATH\CodeIgniter.php(354): CodeIgniter\CodeIgniter->handleRequest(null, Object(Config\Cache), false)
 4 SYSTEMPATH\Boot.php(363): CodeIgniter\CodeIgniter->run()
 5 SYSTEMPATH\Boot.php(68): CodeIgniter\Boot::runCodeIgniter(Object(CodeIgniter\CodeIgniter))
 6 FCPATH\index.php(59): CodeIgniter\Boot::bootWeb(Object(Config\Paths))
 7 SYSTEMPATH\rewrite.php(44): require_once('C:\\laragon\\www\\PWEB2\\cibansos\\public\\index.php')
DEBUG - 2025-11-16 17:24:48 --> Session: Class initialized using 'CodeIgniter\Session\Handlers\FileHandler' driver.
DEBUG - 2025-11-16 18:01:40 --> Session: Class initialized using 'CodeIgniter\Session\Handlers\FileHandler' driver.
DEBUG - 2025-11-16 18:03:50 --> Session: Class initialized using 'CodeIgniter\Session\Handlers\FileHandler' driver.
DEBUG - 2025-11-16 18:04:20 --> Session: Class initialized using 'CodeIgniter\Session\Handlers\FileHandler' driver.
DEBUG - 2025-11-16 18:05:55 --> Session: Class initialized using 'CodeIgniter\Session\Handlers\FileHandler' driver.
DEBUG - 2025-11-16 18:06:05 --> Session: Class initialized using 'CodeIgniter\Session\Handlers\FileHandler' driver.
DEBUG - 2025-11-16 18:12:12 --> Session: Class initialized using 'CodeIgniter\Session\Handlers\FileHandler' driver.
DEBUG - 2025-11-16 18:12:12 --> Session: Class initialized using 'CodeIgniter\Session\Handlers\FileHandler' driver.
DEBUG - 2025-11-16 18:16:47 --> Session: Class initialized using 'CodeIgniter\Session\Handlers\FileHandler' driver.
DEBUG - 2025-11-16 18:19:40 --> Session: Class initialized using 'CodeIgniter\Session\Handlers\FileHandler' driver.
DEBUG - 2025-11-16 18:21:32 --> Session: Class initialized using 'CodeIgniter\Session\Handlers\FileHandler' driver.
DEBUG - 2025-11-16 18:21:52 --> Session: Class initialized using 'CodeIgniter\Session\Handlers\FileHandler' driver.
DEBUG - 2025-11-16 18:21:52 --> Session: Class initialized using 'CodeIgniter\Session\Handlers\FileHandler' driver.
