<<<<<<< HEAD
DEBUG - 2025-11-24 01:13:35 --> Session: Class initialized using 'CodeIgniter\Session\Handlers\FileHandler' driver.
DEBUG - 2025-11-24 01:13:49 --> Session: Class initialized using 'CodeIgniter\Session\Handlers\FileHandler' driver.
DEBUG - 2025-11-24 01:14:54 --> Session: Class initialized using 'CodeIgniter\Session\Handlers\FileHandler' driver.
DEBUG - 2025-11-24 01:15:41 --> Session: Class initialized using 'CodeIgniter\Session\Handlers\FileHandler' driver.
DEBUG - 2025-11-24 01:15:48 --> Session: Class initialized using 'CodeIgniter\Session\Handlers\FileHandler' driver.
DEBUG - 2025-11-24 01:31:46 --> Session: Class initialized using 'CodeIgniter\Session\Handlers\FileHandler' driver.
DEBUG - 2025-11-24 01:32:03 --> Session: Class initialized using 'CodeIgniter\Session\Handlers\FileHandler' driver.
DEBUG - 2025-11-24 01:32:11 --> Session: Class initialized using 'CodeIgniter\Session\Handlers\FileHandler' driver.
DEBUG - 2025-11-24 01:37:16 --> Session: Class initialized using 'CodeIgniter\Session\Handlers\FileHandler' driver.
ERROR - 2025-11-24 04:12:09 --> mysqli_sql_exception: Column 'kota' cannot be null in C:\laragon\www\projectbansosbaru2\system\Database\MySQLi\Connection.php:327
Stack trace:
#0 C:\laragon\www\projectbansosbaru2\system\Database\MySQLi\Connection.php(327): mysqli->query('INSERT INTO `da...', 0)
#1 C:\laragon\www\projectbansosbaru2\system\Database\BaseConnection.php(729): CodeIgniter\Database\MySQLi\Connection->execute('INSERT INTO `da...')
#2 C:\laragon\www\projectbansosbaru2\system\Database\BaseConnection.php(646): CodeIgniter\Database\BaseConnection->simpleQuery('INSERT INTO `da...')
#3 C:\laragon\www\projectbansosbaru2\system\Database\BaseBuilder.php(2345): CodeIgniter\Database\BaseConnection->query('INSERT INTO `da...', Array, false)
#4 C:\laragon\www\projectbansosbaru2\system\Model.php(394): CodeIgniter\Database\BaseBuilder->insert()
#5 C:\laragon\www\projectbansosbaru2\system\BaseModel.php(838): CodeIgniter\Model->doInsert(Array)
#6 C:\laragon\www\projectbansosbaru2\system\Model.php(797): CodeIgniter\BaseModel->insert(Array, true)
#7 C:\laragon\www\projectbansosbaru2\app\Controllers\logreg.php(41): CodeIgniter\Model->insert(Array)
#8 C:\laragon\www\projectbansosbaru2\system\CodeIgniter.php(933): App\Controllers\logreg->saveRegister()
#9 C:\laragon\www\projectbansosbaru2\system\CodeIgniter.php(507): CodeIgniter\CodeIgniter->runController(Object(App\Controllers\logreg))
#10 C:\laragon\www\projectbansosbaru2\system\CodeIgniter.php(354): CodeIgniter\CodeIgniter->handleRequest(NULL, Object(Config\Cache), false)
#11 C:\laragon\www\projectbansosbaru2\system\Boot.php(363): CodeIgniter\CodeIgniter->run()
#12 C:\laragon\www\projectbansosbaru2\system\Boot.php(68): CodeIgniter\Boot::runCodeIgniter(Object(CodeIgniter\CodeIgniter))
#13 C:\laragon\www\projectbansosbaru2\public\index.php(59): CodeIgniter\Boot::bootWeb(Object(Config\Paths))
#14 C:\laragon\www\projectbansosbaru2\system\rewrite.php(44): require_once('C:\\laragon\\www\\...')
#15 {main}
CRITICAL - 2025-11-24 04:12:09 --> CodeIgniter\Database\Exceptions\DatabaseException: Column 'kota' cannot be null
[Method: POST, Route: register/save]
in SYSTEMPATH\Database\BaseConnection.php on line 684.
 1 SYSTEMPATH\Database\BaseBuilder.php(2345): CodeIgniter\Database\BaseConnection->query('INSERT INTO `datauser` (`nama`, `nik`, `email`, `no_hp`, `provinsi`, `kota`, `kecamatan`, `kelurahan`, `alamat`, `kode_pos`, `password`, `status`, `tanggal`, `role`) VALUES (:nama:, :nik:, :email:, :no_hp:, :provinsi:, :kota:, :kecamatan:, :kelurahan:, :alamat:, :kode_pos:, :password:, :status:, :tanggal:, :role:)', [...], false)
 2 SYSTEMPATH\Model.php(394): CodeIgniter\Database\BaseBuilder->insert()
 3 SYSTEMPATH\BaseModel.php(838): CodeIgniter\Model->doInsert([...])
 4 SYSTEMPATH\Model.php(797): CodeIgniter\BaseModel->insert([...], true)
 5 APPPATH\Controllers\logreg.php(41): CodeIgniter\Model->insert([...])
 6 SYSTEMPATH\CodeIgniter.php(933): App\Controllers\logreg->saveRegister()
 7 SYSTEMPATH\CodeIgniter.php(507): CodeIgniter\CodeIgniter->runController(Object(App\Controllers\logreg))
 8 SYSTEMPATH\CodeIgniter.php(354): CodeIgniter\CodeIgniter->handleRequest(null, Object(Config\Cache), false)
 9 SYSTEMPATH\Boot.php(363): CodeIgniter\CodeIgniter->run()
10 SYSTEMPATH\Boot.php(68): CodeIgniter\Boot::runCodeIgniter(Object(CodeIgniter\CodeIgniter))
11 FCPATH\index.php(59): CodeIgniter\Boot::bootWeb(Object(Config\Paths))
12 SYSTEMPATH\rewrite.php(44): require_once('C:\\laragon\\www\\projectbansosbaru2\\public\\index.php')
CRITICAL - 2025-11-24 04:12:09 --> [Caused by] CodeIgniter\Database\Exceptions\DatabaseException: Column 'kota' cannot be null
in SYSTEMPATH\Database\MySQLi\Connection.php on line 332.
 1 SYSTEMPATH\Database\BaseConnection.php(729): CodeIgniter\Database\MySQLi\Connection->execute('INSERT INTO `datauser` (`nama`, `nik`, `email`, `no_hp`, `provinsi`, `kota`, `kecamatan`, `kelurahan`, `alamat`, `kode_pos`, `password`, `status`, `tanggal`, `role`) VALUES (\'kumar\', \'1234567\', \'riyanasyiq@gmail.com\', \'1234567\', \'13\', NULL, \'Coblong\', \'Antapani~\', \'Muktisari Gandrungmangu Cilacap\', \'53254\', \'Yunani97\', \'pending\', \'2025-11-24\', \'user\')')
 2 SYSTEMPATH\Database\BaseConnection.php(646): CodeIgniter\Database\BaseConnection->simpleQuery('INSERT INTO `datauser` (`nama`, `nik`, `email`, `no_hp`, `provinsi`, `kota`, `kecamatan`, `kelurahan`, `alamat`, `kode_pos`, `password`, `status`, `tanggal`, `role`) VALUES (\'kumar\', \'1234567\', \'riyanasyiq@gmail.com\', \'1234567\', \'13\', NULL, \'Coblong\', \'Antapani~\', \'Muktisari Gandrungmangu Cilacap\', \'53254\', \'Yunani97\', \'pending\', \'2025-11-24\', \'user\')')
 3 SYSTEMPATH\Database\BaseBuilder.php(2345): CodeIgniter\Database\BaseConnection->query('INSERT INTO `datauser` (`nama`, `nik`, `email`, `no_hp`, `provinsi`, `kota`, `kecamatan`, `kelurahan`, `alamat`, `kode_pos`, `password`, `status`, `tanggal`, `role`) VALUES (:nama:, :nik:, :email:, :no_hp:, :provinsi:, :kota:, :kecamatan:, :kelurahan:, :alamat:, :kode_pos:, :password:, :status:, :tanggal:, :role:)', [...], false)
 4 SYSTEMPATH\Model.php(394): CodeIgniter\Database\BaseBuilder->insert()
 5 SYSTEMPATH\BaseModel.php(838): CodeIgniter\Model->doInsert([...])
 6 SYSTEMPATH\Model.php(797): CodeIgniter\BaseModel->insert([...], true)
 7 APPPATH\Controllers\logreg.php(41): CodeIgniter\Model->insert([...])
 8 SYSTEMPATH\CodeIgniter.php(933): App\Controllers\logreg->saveRegister()
 9 SYSTEMPATH\CodeIgniter.php(507): CodeIgniter\CodeIgniter->runController(Object(App\Controllers\logreg))
=======
DEBUG - 2025-11-24 01:05:34 --> Session: Class initialized using 'CodeIgniter\Session\Handlers\FileHandler' driver.
DEBUG - 2025-11-24 01:05:43 --> Session: Class initialized using 'CodeIgniter\Session\Handlers\FileHandler' driver.
DEBUG - 2025-11-24 01:05:51 --> Session: Class initialized using 'CodeIgniter\Session\Handlers\FileHandler' driver.
ERROR - 2025-11-24 01:05:52 --> mysqli_sql_exception: Unknown column 'status' in 'where clause' in C:\laragon\www\PWEB2\cibansos\system\Database\MySQLi\Connection.php:327
Stack trace:
#0 C:\laragon\www\PWEB2\cibansos\system\Database\MySQLi\Connection.php(327): mysqli->query('SELECT *\nFROM `...', 0)
#1 C:\laragon\www\PWEB2\cibansos\system\Database\BaseConnection.php(729): CodeIgniter\Database\MySQLi\Connection->execute('SELECT *\nFROM `...')
#2 C:\laragon\www\PWEB2\cibansos\system\Database\BaseConnection.php(646): CodeIgniter\Database\BaseConnection->simpleQuery('SELECT *\nFROM `...')
#3 C:\laragon\www\PWEB2\cibansos\system\Database\BaseBuilder.php(1649): CodeIgniter\Database\BaseConnection->query('SELECT *\nFROM `...', Array, false)
#4 C:\laragon\www\PWEB2\cibansos\system\Model.php(286): CodeIgniter\Database\BaseBuilder->get()
#5 C:\laragon\www\PWEB2\cibansos\system\BaseModel.php(677): CodeIgniter\Model->doFindAll(0, 0)
#6 C:\laragon\www\PWEB2\cibansos\app\Controllers\adminuser.php(19): CodeIgniter\BaseModel->findAll()
#7 C:\laragon\www\PWEB2\cibansos\system\CodeIgniter.php(933): App\Controllers\adminuser->index()
#8 C:\laragon\www\PWEB2\cibansos\system\CodeIgniter.php(507): CodeIgniter\CodeIgniter->runController(Object(App\Controllers\adminuser))
#9 C:\laragon\www\PWEB2\cibansos\system\CodeIgniter.php(354): CodeIgniter\CodeIgniter->handleRequest(NULL, Object(Config\Cache), false)
#10 C:\laragon\www\PWEB2\cibansos\system\Boot.php(363): CodeIgniter\CodeIgniter->run()
#11 C:\laragon\www\PWEB2\cibansos\system\Boot.php(68): CodeIgniter\Boot::runCodeIgniter(Object(CodeIgniter\CodeIgniter))
#12 C:\laragon\www\PWEB2\cibansos\public\index.php(59): CodeIgniter\Boot::bootWeb(Object(Config\Paths))
#13 C:\laragon\www\PWEB2\cibansos\system\rewrite.php(44): require_once('C:\\laragon\\www\\...')
#14 {main}
CRITICAL - 2025-11-24 01:05:52 --> CodeIgniter\Database\Exceptions\DatabaseException: Unknown column 'status' in 'where clause'
[Method: GET, Route: adminuser/pengajuan]
in SYSTEMPATH\Database\BaseConnection.php on line 684.
 1 SYSTEMPATH\Database\BaseBuilder.php(1649): CodeIgniter\Database\BaseConnection->query('SELECT *
FROM `datauser`
WHERE `status` != :status:', [...], false)
 2 SYSTEMPATH\Model.php(286): CodeIgniter\Database\BaseBuilder->get()
 3 SYSTEMPATH\BaseModel.php(677): CodeIgniter\Model->doFindAll(0, 0)
 4 APPPATH\Controllers\adminuser.php(19): CodeIgniter\BaseModel->findAll()
 5 SYSTEMPATH\CodeIgniter.php(933): App\Controllers\adminuser->index()
 6 SYSTEMPATH\CodeIgniter.php(507): CodeIgniter\CodeIgniter->runController(Object(App\Controllers\adminuser))
 7 SYSTEMPATH\CodeIgniter.php(354): CodeIgniter\CodeIgniter->handleRequest(null, Object(Config\Cache), false)
 8 SYSTEMPATH\Boot.php(363): CodeIgniter\CodeIgniter->run()
 9 SYSTEMPATH\Boot.php(68): CodeIgniter\Boot::runCodeIgniter(Object(CodeIgniter\CodeIgniter))
10 FCPATH\index.php(59): CodeIgniter\Boot::bootWeb(Object(Config\Paths))
11 SYSTEMPATH\rewrite.php(44): require_once('C:\\laragon\\www\\PWEB2\\cibansos\\public\\index.php')
CRITICAL - 2025-11-24 01:05:52 --> [Caused by] CodeIgniter\Database\Exceptions\DatabaseException: Unknown column 'status' in 'where clause'
in SYSTEMPATH\Database\MySQLi\Connection.php on line 332.
 1 SYSTEMPATH\Database\BaseConnection.php(729): CodeIgniter\Database\MySQLi\Connection->execute('SELECT *
FROM `datauser`
WHERE `status` != \'disetujui\'')
 2 SYSTEMPATH\Database\BaseConnection.php(646): CodeIgniter\Database\BaseConnection->simpleQuery('SELECT *
FROM `datauser`
WHERE `status` != \'disetujui\'')
 3 SYSTEMPATH\Database\BaseBuilder.php(1649): CodeIgniter\Database\BaseConnection->query('SELECT *
FROM `datauser`
WHERE `status` != :status:', [...], false)
 4 SYSTEMPATH\Model.php(286): CodeIgniter\Database\BaseBuilder->get()
 5 SYSTEMPATH\BaseModel.php(677): CodeIgniter\Model->doFindAll(0, 0)
 6 APPPATH\Controllers\adminuser.php(19): CodeIgniter\BaseModel->findAll()
 7 SYSTEMPATH\CodeIgniter.php(933): App\Controllers\adminuser->index()
 8 SYSTEMPATH\CodeIgniter.php(507): CodeIgniter\CodeIgniter->runController(Object(App\Controllers\adminuser))
 9 SYSTEMPATH\CodeIgniter.php(354): CodeIgniter\CodeIgniter->handleRequest(null, Object(Config\Cache), false)
10 SYSTEMPATH\Boot.php(363): CodeIgniter\CodeIgniter->run()
11 SYSTEMPATH\Boot.php(68): CodeIgniter\Boot::runCodeIgniter(Object(CodeIgniter\CodeIgniter))
12 FCPATH\index.php(59): CodeIgniter\Boot::bootWeb(Object(Config\Paths))
13 SYSTEMPATH\rewrite.php(44): require_once('C:\\laragon\\www\\PWEB2\\cibansos\\public\\index.php')
CRITICAL - 2025-11-24 01:05:52 --> [Caused by] mysqli_sql_exception: Unknown column 'status' in 'where clause'
in SYSTEMPATH\Database\MySQLi\Connection.php on line 327.
 1 SYSTEMPATH\Database\MySQLi\Connection.php(327): mysqli->query('SELECT *
FROM `datauser`
WHERE `status` != \'disetujui\'', 0)
 2 SYSTEMPATH\Database\BaseConnection.php(729): CodeIgniter\Database\MySQLi\Connection->execute('SELECT *
FROM `datauser`
WHERE `status` != \'disetujui\'')
 3 SYSTEMPATH\Database\BaseConnection.php(646): CodeIgniter\Database\BaseConnection->simpleQuery('SELECT *
FROM `datauser`
WHERE `status` != \'disetujui\'')
 4 SYSTEMPATH\Database\BaseBuilder.php(1649): CodeIgniter\Database\BaseConnection->query('SELECT *
FROM `datauser`
WHERE `status` != :status:', [...], false)
 5 SYSTEMPATH\Model.php(286): CodeIgniter\Database\BaseBuilder->get()
 6 SYSTEMPATH\BaseModel.php(677): CodeIgniter\Model->doFindAll(0, 0)
 7 APPPATH\Controllers\adminuser.php(19): CodeIgniter\BaseModel->findAll()
 8 SYSTEMPATH\CodeIgniter.php(933): App\Controllers\adminuser->index()
 9 SYSTEMPATH\CodeIgniter.php(507): CodeIgniter\CodeIgniter->runController(Object(App\Controllers\adminuser))
>>>>>>> 2fb438f0643edae0c8048a9b06703215f99b17f5
10 SYSTEMPATH\CodeIgniter.php(354): CodeIgniter\CodeIgniter->handleRequest(null, Object(Config\Cache), false)
11 SYSTEMPATH\Boot.php(363): CodeIgniter\CodeIgniter->run()
12 SYSTEMPATH\Boot.php(68): CodeIgniter\Boot::runCodeIgniter(Object(CodeIgniter\CodeIgniter))
13 FCPATH\index.php(59): CodeIgniter\Boot::bootWeb(Object(Config\Paths))
<<<<<<< HEAD
14 SYSTEMPATH\rewrite.php(44): require_once('C:\\laragon\\www\\projectbansosbaru2\\public\\index.php')
CRITICAL - 2025-11-24 04:12:09 --> [Caused by] mysqli_sql_exception: Column 'kota' cannot be null
in SYSTEMPATH\Database\MySQLi\Connection.php on line 327.
 1 SYSTEMPATH\Database\MySQLi\Connection.php(327): mysqli->query('INSERT INTO `datauser` (`nama`, `nik`, `email`, `no_hp`, `provinsi`, `kota`, `kecamatan`, `kelurahan`, `alamat`, `kode_pos`, `password`, `status`, `tanggal`, `role`) VALUES (\'kumar\', \'1234567\', \'riyanasyiq@gmail.com\', \'1234567\', \'13\', NULL, \'Coblong\', \'Antapani~\', \'Muktisari Gandrungmangu Cilacap\', \'53254\', \'Yunani97\', \'pending\', \'2025-11-24\', \'user\')', 0)
 2 SYSTEMPATH\Database\BaseConnection.php(729): CodeIgniter\Database\MySQLi\Connection->execute('INSERT INTO `datauser` (`nama`, `nik`, `email`, `no_hp`, `provinsi`, `kota`, `kecamatan`, `kelurahan`, `alamat`, `kode_pos`, `password`, `status`, `tanggal`, `role`) VALUES (\'kumar\', \'1234567\', \'riyanasyiq@gmail.com\', \'1234567\', \'13\', NULL, \'Coblong\', \'Antapani~\', \'Muktisari Gandrungmangu Cilacap\', \'53254\', \'Yunani97\', \'pending\', \'2025-11-24\', \'user\')')
 3 SYSTEMPATH\Database\BaseConnection.php(646): CodeIgniter\Database\BaseConnection->simpleQuery('INSERT INTO `datauser` (`nama`, `nik`, `email`, `no_hp`, `provinsi`, `kota`, `kecamatan`, `kelurahan`, `alamat`, `kode_pos`, `password`, `status`, `tanggal`, `role`) VALUES (\'kumar\', \'1234567\', \'riyanasyiq@gmail.com\', \'1234567\', \'13\', NULL, \'Coblong\', \'Antapani~\', \'Muktisari Gandrungmangu Cilacap\', \'53254\', \'Yunani97\', \'pending\', \'2025-11-24\', \'user\')')
 4 SYSTEMPATH\Database\BaseBuilder.php(2345): CodeIgniter\Database\BaseConnection->query('INSERT INTO `datauser` (`nama`, `nik`, `email`, `no_hp`, `provinsi`, `kota`, `kecamatan`, `kelurahan`, `alamat`, `kode_pos`, `password`, `status`, `tanggal`, `role`) VALUES (:nama:, :nik:, :email:, :no_hp:, :provinsi:, :kota:, :kecamatan:, :kelurahan:, :alamat:, :kode_pos:, :password:, :status:, :tanggal:, :role:)', [...], false)
 5 SYSTEMPATH\Model.php(394): CodeIgniter\Database\BaseBuilder->insert()
 6 SYSTEMPATH\BaseModel.php(838): CodeIgniter\Model->doInsert([...])
 7 SYSTEMPATH\Model.php(797): CodeIgniter\BaseModel->insert([...], true)
 8 APPPATH\Controllers\logreg.php(41): CodeIgniter\Model->insert([...])
 9 SYSTEMPATH\CodeIgniter.php(933): App\Controllers\logreg->saveRegister()
10 SYSTEMPATH\CodeIgniter.php(507): CodeIgniter\CodeIgniter->runController(Object(App\Controllers\logreg))
11 SYSTEMPATH\CodeIgniter.php(354): CodeIgniter\CodeIgniter->handleRequest(null, Object(Config\Cache), false)
12 SYSTEMPATH\Boot.php(363): CodeIgniter\CodeIgniter->run()
13 SYSTEMPATH\Boot.php(68): CodeIgniter\Boot::runCodeIgniter(Object(CodeIgniter\CodeIgniter))
14 FCPATH\index.php(59): CodeIgniter\Boot::bootWeb(Object(Config\Paths))
15 SYSTEMPATH\rewrite.php(44): require_once('C:\\laragon\\www\\projectbansosbaru2\\public\\index.php')
DEBUG - 2025-11-24 04:12:36 --> Session: Class initialized using 'CodeIgniter\Session\Handlers\FileHandler' driver.
DEBUG - 2025-11-24 04:12:45 --> Session: Class initialized using 'CodeIgniter\Session\Handlers\FileHandler' driver.
=======
14 SYSTEMPATH\rewrite.php(44): require_once('C:\\laragon\\www\\PWEB2\\cibansos\\public\\index.php')
DEBUG - 2025-11-24 01:13:33 --> Session: Class initialized using 'CodeIgniter\Session\Handlers\FileHandler' driver.
DEBUG - 2025-11-24 01:13:40 --> Session: Class initialized using 'CodeIgniter\Session\Handlers\FileHandler' driver.
DEBUG - 2025-11-24 01:13:41 --> Session: Class initialized using 'CodeIgniter\Session\Handlers\FileHandler' driver.
DEBUG - 2025-11-24 01:13:46 --> Session: Class initialized using 'CodeIgniter\Session\Handlers\FileHandler' driver.
DEBUG - 2025-11-24 01:13:50 --> Session: Class initialized using 'CodeIgniter\Session\Handlers\FileHandler' driver.
DEBUG - 2025-11-24 03:11:32 --> Session: Class initialized using 'CodeIgniter\Session\Handlers\FileHandler' driver.
DEBUG - 2025-11-24 03:11:42 --> Session: Class initialized using 'CodeIgniter\Session\Handlers\FileHandler' driver.
DEBUG - 2025-11-24 03:11:52 --> Session: Class initialized using 'CodeIgniter\Session\Handlers\FileHandler' driver.
DEBUG - 2025-11-24 03:12:01 --> Session: Class initialized using 'CodeIgniter\Session\Handlers\FileHandler' driver.
>>>>>>> 2fb438f0643edae0c8048a9b06703215f99b17f5
